app/build/intermediates/manifest_merge_blame_file/debug/manifest-merger-blame-debug-report.txt
1<?xml version="1.0" encoding="utf-8"?>
2<manifest xmlns:android="http://schemas.android.com/apk/res/android"
3    package="com.Lohia.investment"
4    android:versionCode="1"
5    android:versionName="1.0" >
6
7    <uses-sdk
8        android:minSdkVersion="21"
9        android:targetSdkVersion="33" />
10
11    <uses-feature
11-->src\main\AndroidManifest.xml:5:5-7:36
12        android:name="android.hardware.telephony"
12-->src\main\AndroidManifest.xml:6:9-50
13        android:required="false" />
13-->src\main\AndroidManifest.xml:7:9-33
14
15    <uses-permission android:name="android.permission.POST_NOTIFICATIONS" />
15-->src\main\AndroidManifest.xml:9:5-77
15-->src\main\AndroidManifest.xml:9:22-74
16    <uses-permission android:name="android.permission.READ_EXTERNAL_STORAGE" />
16-->src\main\AndroidManifest.xml:10:5-80
16-->src\main\AndroidManifest.xml:10:22-77
17    <uses-permission android:name="android.permission.ACCESS_NETWORK_STATE" />
17-->src\main\AndroidManifest.xml:11:5-79
17-->src\main\AndroidManifest.xml:11:22-76
18    <uses-permission android:name="android.permission.INTERNET" />
18-->src\main\AndroidManifest.xml:12:5-67
18-->src\main\AndroidManifest.xml:12:22-64
19    <uses-permission android:name="android.permission.CALL_PHONE" />
19-->src\main\AndroidManifest.xml:13:5-69
19-->src\main\AndroidManifest.xml:13:22-66
20    <uses-permission android:name="android.permission.READ_EXTERNAL_STORAGE" />
20-->src\main\AndroidManifest.xml:10:5-80
20-->src\main\AndroidManifest.xml:10:22-77
21    <uses-permission android:name="android.permission.WAKE_LOCK" />
21-->[com.google.android.gms:play-services-measurement-api:21.3.0] AndroidManifest.xml:24:5-68
21-->[com.google.android.gms:play-services-measurement-api:21.3.0] AndroidManifest.xml:24:22-65
22    <uses-permission android:name="com.google.android.gms.permission.AD_ID" />
22-->[com.google.android.gms:play-services-measurement-api:21.3.0] AndroidManifest.xml:25:5-79
22-->[com.google.android.gms:play-services-measurement-api:21.3.0] AndroidManifest.xml:25:22-76
23    <uses-permission android:name="com.google.android.finsky.permission.BIND_GET_INSTALL_REFERRER_SERVICE" />
23-->[com.google.android.gms:play-services-measurement:21.3.0] AndroidManifest.xml:26:5-110
23-->[com.google.android.gms:play-services-measurement:21.3.0] AndroidManifest.xml:26:22-107
24
25    <permission
25-->[androidx.core:core:1.9.0] AndroidManifest.xml:22:5-24:47
26        android:name="com.Lohia.investment.DYNAMIC_RECEIVER_NOT_EXPORTED_PERMISSION"
26-->[androidx.core:core:1.9.0] AndroidManifest.xml:23:9-81
27        android:protectionLevel="signature" />
27-->[androidx.core:core:1.9.0] AndroidManifest.xml:24:9-44
28
29    <uses-permission android:name="com.Lohia.investment.DYNAMIC_RECEIVER_NOT_EXPORTED_PERMISSION" />
29-->[androidx.core:core:1.9.0] AndroidManifest.xml:26:5-97
29-->[androidx.core:core:1.9.0] AndroidManifest.xml:26:22-94
30
31    <application
31-->src\main\AndroidManifest.xml:17:5-174:19
32        android:allowBackup="true"
32-->src\main\AndroidManifest.xml:18:9-35
33        android:appComponentFactory="androidx.core.app.CoreComponentFactory"
33-->[androidx.core:core:1.9.0] AndroidManifest.xml:28:18-86
34        android:dataExtractionRules="@xml/data_extraction_rules"
34-->src\main\AndroidManifest.xml:19:9-65
35        android:debuggable="true"
36        android:extractNativeLibs="true"
37        android:fullBackupContent="@xml/backup_rules"
37-->src\main\AndroidManifest.xml:20:9-54
38        android:icon="@drawable/lohia_logo"
38-->src\main\AndroidManifest.xml:21:9-44
39        android:label="@string/app_name"
39-->src\main\AndroidManifest.xml:22:9-41
40        android:requestLegacyExternalStorage="true"
40-->src\main\AndroidManifest.xml:23:9-52
41        android:roundIcon="@drawable/lohia_logo"
41-->src\main\AndroidManifest.xml:24:9-49
42        android:supportsRtl="true"
42-->src\main\AndroidManifest.xml:25:9-35
43        android:theme="@style/Theme.Lohia" >
43-->src\main\AndroidManifest.xml:26:9-43
44        <service
44-->src\main\AndroidManifest.xml:28:9-29:40
45            android:name="com.Lohia.investment.classes.Notification_Service"
45-->src\main\AndroidManifest.xml:28:18-82
46            android:exported="false" />
46-->src\main\AndroidManifest.xml:29:13-37
47
48        <activity
48-->src\main\AndroidManifest.xml:31:9-37:20
49            android:name="com.Lohia.investment.SplashActivity"
49-->src\main\AndroidManifest.xml:32:13-63
50            android:exported="false" >
50-->src\main\AndroidManifest.xml:33:13-37
51            <meta-data
51-->src\main\AndroidManifest.xml:34:13-36:36
52                android:name="android.app.lib_name"
52-->src\main\AndroidManifest.xml:35:17-52
53                android:value="" />
53-->src\main\AndroidManifest.xml:36:17-33
54        </activity>
55        <activity
55-->src\main\AndroidManifest.xml:38:9-44:20
56            android:name="com.Lohia.investment.Add_Policy_Activity"
56-->src\main\AndroidManifest.xml:39:13-68
57            android:exported="false" >
57-->src\main\AndroidManifest.xml:40:13-37
58            <meta-data
58-->src\main\AndroidManifest.xml:34:13-36:36
59                android:name="android.app.lib_name"
59-->src\main\AndroidManifest.xml:35:17-52
60                android:value="" />
60-->src\main\AndroidManifest.xml:36:17-33
61        </activity>
62        <activity
62-->src\main\AndroidManifest.xml:45:9-51:20
63            android:name="com.Lohia.investment.Update_Request_Activity"
63-->src\main\AndroidManifest.xml:46:13-72
64            android:exported="false" >
64-->src\main\AndroidManifest.xml:47:13-37
65            <meta-data
65-->src\main\AndroidManifest.xml:34:13-36:36
66                android:name="android.app.lib_name"
66-->src\main\AndroidManifest.xml:35:17-52
67                android:value="" />
67-->src\main\AndroidManifest.xml:36:17-33
68        </activity>
69        <activity
69-->src\main\AndroidManifest.xml:52:9-58:20
70            android:name="com.Lohia.investment.ChildTree.Child_Car_Data"
70-->src\main\AndroidManifest.xml:53:13-73
71            android:exported="false" >
71-->src\main\AndroidManifest.xml:54:13-37
72            <meta-data
72-->src\main\AndroidManifest.xml:34:13-36:36
73                android:name="android.app.lib_name"
73-->src\main\AndroidManifest.xml:35:17-52
74                android:value="" />
74-->src\main\AndroidManifest.xml:36:17-33
75        </activity>
76        <activity
76-->src\main\AndroidManifest.xml:59:9-65:20
77            android:name="com.Lohia.investment.ChildTree.Child_Terms_Data"
77-->src\main\AndroidManifest.xml:60:13-75
78            android:exported="false" >
78-->src\main\AndroidManifest.xml:61:13-37
79            <meta-data
79-->src\main\AndroidManifest.xml:34:13-36:36
80                android:name="android.app.lib_name"
80-->src\main\AndroidManifest.xml:35:17-52
81                android:value="" />
81-->src\main\AndroidManifest.xml:36:17-33
82        </activity>
83        <activity
83-->src\main\AndroidManifest.xml:66:9-72:20
84            android:name="com.Lohia.investment.ChildTree.Child_Health_Data"
84-->src\main\AndroidManifest.xml:67:13-76
85            android:exported="false" >
85-->src\main\AndroidManifest.xml:68:13-37
86            <meta-data
86-->src\main\AndroidManifest.xml:34:13-36:36
87                android:name="android.app.lib_name"
87-->src\main\AndroidManifest.xml:35:17-52
88                android:value="" />
88-->src\main\AndroidManifest.xml:36:17-33
89        </activity>
90        <activity
90-->src\main\AndroidManifest.xml:73:9-79:20
91            android:name="com.Lohia.investment.No_Policy_Page"
91-->src\main\AndroidManifest.xml:74:13-63
92            android:exported="false" >
92-->src\main\AndroidManifest.xml:75:13-37
93            <meta-data
93-->src\main\AndroidManifest.xml:34:13-36:36
94                android:name="android.app.lib_name"
94-->src\main\AndroidManifest.xml:35:17-52
95                android:value="" />
95-->src\main\AndroidManifest.xml:36:17-33
96        </activity>
97        <activity
97-->src\main\AndroidManifest.xml:80:9-86:20
98            android:name="com.Lohia.investment.InvestmentActivity"
98-->src\main\AndroidManifest.xml:81:13-67
99            android:exported="false" >
99-->src\main\AndroidManifest.xml:82:13-37
100            <meta-data
100-->src\main\AndroidManifest.xml:34:13-36:36
101                android:name="android.app.lib_name"
101-->src\main\AndroidManifest.xml:35:17-52
102                android:value="" />
102-->src\main\AndroidManifest.xml:36:17-33
103        </activity>
104        <activity
104-->src\main\AndroidManifest.xml:87:9-93:20
105            android:name="com.Lohia.investment.Car_showActivity"
105-->src\main\AndroidManifest.xml:88:13-65
106            android:exported="false" >
106-->src\main\AndroidManifest.xml:89:13-37
107            <meta-data
107-->src\main\AndroidManifest.xml:34:13-36:36
108                android:name="android.app.lib_name"
108-->src\main\AndroidManifest.xml:35:17-52
109                android:value="" />
109-->src\main\AndroidManifest.xml:36:17-33
110        </activity>
111        <activity
111-->src\main\AndroidManifest.xml:94:9-100:20
112            android:name="com.Lohia.investment.HomeDataActivity"
112-->src\main\AndroidManifest.xml:95:13-65
113            android:exported="false" >
113-->src\main\AndroidManifest.xml:96:13-37
114            <meta-data
114-->src\main\AndroidManifest.xml:34:13-36:36
115                android:name="android.app.lib_name"
115-->src\main\AndroidManifest.xml:35:17-52
116                android:value="" />
116-->src\main\AndroidManifest.xml:36:17-33
117        </activity>
118        <activity
118-->src\main\AndroidManifest.xml:101:9-107:20
119            android:name="com.Lohia.investment.CarDataActivity"
119-->src\main\AndroidManifest.xml:102:13-64
120            android:exported="false" >
120-->src\main\AndroidManifest.xml:103:13-37
121            <meta-data
121-->src\main\AndroidManifest.xml:34:13-36:36
122                android:name="android.app.lib_name"
122-->src\main\AndroidManifest.xml:35:17-52
123                android:value="" />
123-->src\main\AndroidManifest.xml:36:17-33
124        </activity>
125        <activity
125-->src\main\AndroidManifest.xml:108:9-114:20
126            android:name="com.Lohia.investment.TermDataActivity"
126-->src\main\AndroidManifest.xml:109:13-65
127            android:exported="false" >
127-->src\main\AndroidManifest.xml:110:13-37
128            <meta-data
128-->src\main\AndroidManifest.xml:34:13-36:36
129                android:name="android.app.lib_name"
129-->src\main\AndroidManifest.xml:35:17-52
130                android:value="" />
130-->src\main\AndroidManifest.xml:36:17-33
131        </activity>
132        <activity
132-->src\main\AndroidManifest.xml:115:9-121:20
133            android:name="com.Lohia.investment.TermPolicyFromActivity"
133-->src\main\AndroidManifest.xml:116:13-71
134            android:exported="false" >
134-->src\main\AndroidManifest.xml:117:13-37
135            <meta-data
135-->src\main\AndroidManifest.xml:34:13-36:36
136                android:name="android.app.lib_name"
136-->src\main\AndroidManifest.xml:35:17-52
137                android:value="" />
137-->src\main\AndroidManifest.xml:36:17-33
138        </activity>
139        <activity
139-->src\main\AndroidManifest.xml:122:9-128:20
140            android:name="com.Lohia.investment.PaymentSuccessActivity"
140-->src\main\AndroidManifest.xml:123:13-71
141            android:exported="false" >
141-->src\main\AndroidManifest.xml:124:13-37
142            <meta-data
142-->src\main\AndroidManifest.xml:34:13-36:36
143                android:name="android.app.lib_name"
143-->src\main\AndroidManifest.xml:35:17-52
144                android:value="" />
144-->src\main\AndroidManifest.xml:36:17-33
145        </activity>
146        <activity
146-->src\main\AndroidManifest.xml:129:9-135:20
147            android:name="com.Lohia.investment.Policy_Form_Activity"
147-->src\main\AndroidManifest.xml:130:13-69
148            android:exported="false" >
148-->src\main\AndroidManifest.xml:131:13-37
149            <meta-data
149-->src\main\AndroidManifest.xml:34:13-36:36
150                android:name="android.app.lib_name"
150-->src\main\AndroidManifest.xml:35:17-52
151                android:value="" />
151-->src\main\AndroidManifest.xml:36:17-33
152        </activity>
153        <activity
153-->src\main\AndroidManifest.xml:136:9-142:20
154            android:name="com.Lohia.investment.UserDataActivity"
154-->src\main\AndroidManifest.xml:137:13-65
155            android:exported="false" >
155-->src\main\AndroidManifest.xml:138:13-37
156            <meta-data
156-->src\main\AndroidManifest.xml:34:13-36:36
157                android:name="android.app.lib_name"
157-->src\main\AndroidManifest.xml:35:17-52
158                android:value="" />
158-->src\main\AndroidManifest.xml:36:17-33
159        </activity>
160        <activity
160-->src\main\AndroidManifest.xml:143:9-149:20
161            android:name="com.Lohia.investment.TreeShowActivity"
161-->src\main\AndroidManifest.xml:144:13-65
162            android:exported="false" >
162-->src\main\AndroidManifest.xml:145:13-37
163            <meta-data
163-->src\main\AndroidManifest.xml:34:13-36:36
164                android:name="android.app.lib_name"
164-->src\main\AndroidManifest.xml:35:17-52
165                android:value="" />
165-->src\main\AndroidManifest.xml:36:17-33
166        </activity>
167        <activity
167-->src\main\AndroidManifest.xml:150:9-152:40
168            android:name="com.Lohia.investment.usernameActivity"
168-->src\main\AndroidManifest.xml:151:13-65
169            android:exported="false" />
169-->src\main\AndroidManifest.xml:152:13-37
170        <activity
170-->src\main\AndroidManifest.xml:153:9-155:40
171            android:name="com.Lohia.investment.otpfill"
171-->src\main\AndroidManifest.xml:154:13-56
172            android:exported="false" />
172-->src\main\AndroidManifest.xml:155:13-37
173        <activity
173-->src\main\AndroidManifest.xml:156:9-158:40
174            android:name="com.Lohia.investment.LoginActivity"
174-->src\main\AndroidManifest.xml:157:13-62
175            android:exported="false" />
175-->src\main\AndroidManifest.xml:158:13-37
176        <activity
176-->src\main\AndroidManifest.xml:159:9-167:20
177            android:name="com.Lohia.investment.splash"
177-->src\main\AndroidManifest.xml:160:13-55
178            android:exported="true" >
178-->src\main\AndroidManifest.xml:161:13-36
179            <intent-filter>
179-->src\main\AndroidManifest.xml:162:13-166:29
180                <action android:name="android.intent.action.MAIN" />
180-->src\main\AndroidManifest.xml:163:17-69
180-->src\main\AndroidManifest.xml:163:25-66
181
182                <category android:name="android.intent.category.LAUNCHER" />
182-->src\main\AndroidManifest.xml:165:17-77
182-->src\main\AndroidManifest.xml:165:27-74
183            </intent-filter>
184        </activity>
185        <activity
185-->src\main\AndroidManifest.xml:168:9-170:40
186            android:name="com.Lohia.investment.MainActivity"
186-->src\main\AndroidManifest.xml:169:13-61
187            android:exported="false" />
187-->src\main\AndroidManifest.xml:170:13-37
188        <activity
188-->src\main\AndroidManifest.xml:171:9-173:40
189            android:name="com.Lohia.investment.signupActivity"
189-->src\main\AndroidManifest.xml:172:13-63
190            android:exported="false" />
190-->src\main\AndroidManifest.xml:173:13-37
191
192        <service
192-->[com.google.firebase:firebase-database-ktx:20.2.2] AndroidManifest.xml:11:9-17:19
193            android:name="com.google.firebase.components.ComponentDiscoveryService"
193-->[com.google.firebase:firebase-database-ktx:20.2.2] AndroidManifest.xml:12:13-84
194            android:directBootAware="true"
194-->[com.google.firebase:firebase-common:20.3.3] AndroidManifest.xml:34:13-43
195            android:exported="false" >
195-->[com.google.firebase:firebase-database-ktx:20.2.2] AndroidManifest.xml:13:13-37
196            <meta-data
196-->[com.google.firebase:firebase-database-ktx:20.2.2] AndroidManifest.xml:14:13-16:85
197                android:name="com.google.firebase.components:com.google.firebase.database.ktx.FirebaseDatabaseKtxRegistrar"
197-->[com.google.firebase:firebase-database-ktx:20.2.2] AndroidManifest.xml:15:17-124
198                android:value="com.google.firebase.components.ComponentRegistrar" />
198-->[com.google.firebase:firebase-database-ktx:20.2.2] AndroidManifest.xml:16:17-82
199            <meta-data
199-->[com.google.firebase:firebase-auth-ktx:22.1.1] AndroidManifest.xml:11:13-13:85
200                android:name="com.google.firebase.components:com.google.firebase.auth.ktx.FirebaseAuthKtxRegistrar"
200-->[com.google.firebase:firebase-auth-ktx:22.1.1] AndroidManifest.xml:12:17-116
201                android:value="com.google.firebase.components.ComponentRegistrar" />
201-->[com.google.firebase:firebase-auth-ktx:22.1.1] AndroidManifest.xml:13:17-82
202            <meta-data
202-->[com.google.firebase:firebase-auth:22.1.1] AndroidManifest.xml:69:13-71:85
203                android:name="com.google.firebase.components:com.google.firebase.auth.FirebaseAuthRegistrar"
203-->[com.google.firebase:firebase-auth:22.1.1] AndroidManifest.xml:70:17-109
204                android:value="com.google.firebase.components.ComponentRegistrar" />
204-->[com.google.firebase:firebase-auth:22.1.1] AndroidManifest.xml:71:17-82
205            <meta-data
205-->[com.google.firebase:firebase-firestore-ktx:24.7.1] AndroidManifest.xml:12:13-14:85
206                android:name="com.google.firebase.components:com.google.firebase.firestore.ktx.FirebaseFirestoreKtxRegistrar"
206-->[com.google.firebase:firebase-firestore-ktx:24.7.1] AndroidManifest.xml:13:17-126
207                android:value="com.google.firebase.components.ComponentRegistrar" />
207-->[com.google.firebase:firebase-firestore-ktx:24.7.1] AndroidManifest.xml:14:17-82
208            <meta-data
208-->[com.google.firebase:firebase-firestore:24.7.1] AndroidManifest.xml:17:13-19:85
209                android:name="com.google.firebase.components:com.google.firebase.firestore.FirestoreRegistrar"
209-->[com.google.firebase:firebase-firestore:24.7.1] AndroidManifest.xml:18:17-111
210                android:value="com.google.firebase.components.ComponentRegistrar" />
210-->[com.google.firebase:firebase-firestore:24.7.1] AndroidManifest.xml:19:17-82
211            <meta-data
211-->[com.google.firebase:firebase-crashlytics:18.4.1] AndroidManifest.xml:15:13-17:85
212                android:name="com.google.firebase.components:com.google.firebase.crashlytics.CrashlyticsRegistrar"
212-->[com.google.firebase:firebase-crashlytics:18.4.1] AndroidManifest.xml:16:17-115
213                android:value="com.google.firebase.components.ComponentRegistrar" />
213-->[com.google.firebase:firebase-crashlytics:18.4.1] AndroidManifest.xml:17:17-82
214            <meta-data
214-->[com.google.firebase:firebase-storage:20.2.1] AndroidManifest.xml:32:13-34:85
215                android:name="com.google.firebase.components:com.google.firebase.storage.StorageRegistrar"
215-->[com.google.firebase:firebase-storage:20.2.1] AndroidManifest.xml:33:17-107
216                android:value="com.google.firebase.components.ComponentRegistrar" />
216-->[com.google.firebase:firebase-storage:20.2.1] AndroidManifest.xml:34:17-82
217            <meta-data
217-->[com.google.firebase:firebase-sessions:1.0.2] AndroidManifest.xml:25:13-27:85
218                android:name="com.google.firebase.components:com.google.firebase.sessions.FirebaseSessionsRegistrar"
218-->[com.google.firebase:firebase-sessions:1.0.2] AndroidManifest.xml:26:17-117
219                android:value="com.google.firebase.components.ComponentRegistrar" />
219-->[com.google.firebase:firebase-sessions:1.0.2] AndroidManifest.xml:27:17-82
220            <meta-data
220-->[com.google.firebase:firebase-datatransport:18.1.8] AndroidManifest.xml:27:13-29:85
221                android:name="com.google.firebase.components:com.google.firebase.datatransport.TransportRegistrar"
221-->[com.google.firebase:firebase-datatransport:18.1.8] AndroidManifest.xml:28:17-115
222                android:value="com.google.firebase.components.ComponentRegistrar" />
222-->[com.google.firebase:firebase-datatransport:18.1.8] AndroidManifest.xml:29:17-82
223            <meta-data
223-->[com.google.firebase:firebase-common-ktx:20.3.3] AndroidManifest.xml:14:13-16:85
224                android:name="com.google.firebase.components:com.google.firebase.ktx.FirebaseCommonKtxRegistrar"
224-->[com.google.firebase:firebase-common-ktx:20.3.3] AndroidManifest.xml:15:17-113
225                android:value="com.google.firebase.components.ComponentRegistrar" />
225-->[com.google.firebase:firebase-common-ktx:20.3.3] AndroidManifest.xml:16:17-82
226            <meta-data
226-->[com.google.firebase:firebase-database:20.2.2] AndroidManifest.xml:31:13-33:85
227                android:name="com.google.firebase.components:com.google.firebase.database.DatabaseRegistrar"
227-->[com.google.firebase:firebase-database:20.2.2] AndroidManifest.xml:32:17-109
228                android:value="com.google.firebase.components.ComponentRegistrar" />
228-->[com.google.firebase:firebase-database:20.2.2] AndroidManifest.xml:33:17-82
229            <meta-data
229-->[com.google.android.gms:play-services-measurement-api:21.3.0] AndroidManifest.xml:31:13-33:85
230                android:name="com.google.firebase.components:com.google.firebase.analytics.connector.internal.AnalyticsConnectorRegistrar"
230-->[com.google.android.gms:play-services-measurement-api:21.3.0] AndroidManifest.xml:32:17-139
231                android:value="com.google.firebase.components.ComponentRegistrar" />
231-->[com.google.android.gms:play-services-measurement-api:21.3.0] AndroidManifest.xml:33:17-82
232            <meta-data
232-->[com.google.firebase:firebase-installations:17.1.4] AndroidManifest.xml:15:13-17:85
233                android:name="com.google.firebase.components:com.google.firebase.installations.FirebaseInstallationsRegistrar"
233-->[com.google.firebase:firebase-installations:17.1.4] AndroidManifest.xml:16:17-127
234                android:value="com.google.firebase.components.ComponentRegistrar" />
234-->[com.google.firebase:firebase-installations:17.1.4] AndroidManifest.xml:17:17-82
235        </service>
236
237        <activity
237-->[com.google.firebase:firebase-auth:22.1.1] AndroidManifest.xml:29:9-46:20
238            android:name="com.google.firebase.auth.internal.GenericIdpActivity"
238-->[com.google.firebase:firebase-auth:22.1.1] AndroidManifest.xml:30:13-80
239            android:excludeFromRecents="true"
239-->[com.google.firebase:firebase-auth:22.1.1] AndroidManifest.xml:31:13-46
240            android:exported="true"
240-->[com.google.firebase:firebase-auth:22.1.1] AndroidManifest.xml:32:13-36
241            android:launchMode="singleTask"
241-->[com.google.firebase:firebase-auth:22.1.1] AndroidManifest.xml:33:13-44
242            android:theme="@android:style/Theme.Translucent.NoTitleBar" >
242-->[com.google.firebase:firebase-auth:22.1.1] AndroidManifest.xml:34:13-72
243            <intent-filter>
243-->[com.google.firebase:firebase-auth:22.1.1] AndroidManifest.xml:35:13-45:29
244                <action android:name="android.intent.action.VIEW" />
244-->[com.google.firebase:firebase-auth:22.1.1] AndroidManifest.xml:36:17-69
244-->[com.google.firebase:firebase-auth:22.1.1] AndroidManifest.xml:36:25-66
245
246                <category android:name="android.intent.category.DEFAULT" />
246-->[com.google.firebase:firebase-auth:22.1.1] AndroidManifest.xml:38:17-76
246-->[com.google.firebase:firebase-auth:22.1.1] AndroidManifest.xml:38:27-73
247                <category android:name="android.intent.category.BROWSABLE" />
247-->[com.google.firebase:firebase-auth:22.1.1] AndroidManifest.xml:39:17-78
247-->[com.google.firebase:firebase-auth:22.1.1] AndroidManifest.xml:39:27-75
248
249                <data
249-->[com.google.firebase:firebase-auth:22.1.1] AndroidManifest.xml:41:17-44:51
250                    android:host="firebase.auth"
250-->[com.google.firebase:firebase-auth:22.1.1] AndroidManifest.xml:42:21-49
251                    android:path="/"
251-->[com.google.firebase:firebase-auth:22.1.1] AndroidManifest.xml:43:21-37
252                    android:scheme="genericidp" />
252-->[com.google.firebase:firebase-auth:22.1.1] AndroidManifest.xml:44:21-48
253            </intent-filter>
254        </activity>
255        <activity
255-->[com.google.firebase:firebase-auth:22.1.1] AndroidManifest.xml:47:9-64:20
256            android:name="com.google.firebase.auth.internal.RecaptchaActivity"
256-->[com.google.firebase:firebase-auth:22.1.1] AndroidManifest.xml:48:13-79
257            android:excludeFromRecents="true"
257-->[com.google.firebase:firebase-auth:22.1.1] AndroidManifest.xml:49:13-46
258            android:exported="true"
258-->[com.google.firebase:firebase-auth:22.1.1] AndroidManifest.xml:50:13-36
259            android:launchMode="singleTask"
259-->[com.google.firebase:firebase-auth:22.1.1] AndroidManifest.xml:51:13-44
260            android:theme="@android:style/Theme.Translucent.NoTitleBar" >
260-->[com.google.firebase:firebase-auth:22.1.1] AndroidManifest.xml:52:13-72
261            <intent-filter>
261-->[com.google.firebase:firebase-auth:22.1.1] AndroidManifest.xml:53:13-63:29
262                <action android:name="android.intent.action.VIEW" />
262-->[com.google.firebase:firebase-auth:22.1.1] AndroidManifest.xml:36:17-69
262-->[com.google.firebase:firebase-auth:22.1.1] AndroidManifest.xml:36:25-66
263
264                <category android:name="android.intent.category.DEFAULT" />
264-->[com.google.firebase:firebase-auth:22.1.1] AndroidManifest.xml:38:17-76
264-->[com.google.firebase:firebase-auth:22.1.1] AndroidManifest.xml:38:27-73
265                <category android:name="android.intent.category.BROWSABLE" />
265-->[com.google.firebase:firebase-auth:22.1.1] AndroidManifest.xml:39:17-78
265-->[com.google.firebase:firebase-auth:22.1.1] AndroidManifest.xml:39:27-75
266
267                <data
267-->[com.google.firebase:firebase-auth:22.1.1] AndroidManifest.xml:41:17-44:51
268                    android:host="firebase.auth"
268-->[com.google.firebase:firebase-auth:22.1.1] AndroidManifest.xml:42:21-49
269                    android:path="/"
269-->[com.google.firebase:firebase-auth:22.1.1] AndroidManifest.xml:43:21-37
270                    android:scheme="recaptcha" />
270-->[com.google.firebase:firebase-auth:22.1.1] AndroidManifest.xml:44:21-48
271            </intent-filter>
272        </activity>
273
274        <service
274-->[com.google.android.datatransport:transport-backend-cct:3.1.9] AndroidManifest.xml:28:9-34:19
275            android:name="com.google.android.datatransport.runtime.backends.TransportBackendDiscovery"
275-->[com.google.android.datatransport:transport-backend-cct:3.1.9] AndroidManifest.xml:29:13-103
276            android:exported="false" >
276-->[com.google.android.datatransport:transport-backend-cct:3.1.9] AndroidManifest.xml:30:13-37
277            <meta-data
277-->[com.google.android.datatransport:transport-backend-cct:3.1.9] AndroidManifest.xml:31:13-33:39
278                android:name="backend:com.google.android.datatransport.cct.CctBackendFactory"
278-->[com.google.android.datatransport:transport-backend-cct:3.1.9] AndroidManifest.xml:32:17-94
279                android:value="cct" />
279-->[com.google.android.datatransport:transport-backend-cct:3.1.9] AndroidManifest.xml:33:17-36
280        </service>
281        <service
281-->[com.google.android.datatransport:transport-runtime:3.1.9] AndroidManifest.xml:26:9-30:19
282            android:name="com.google.android.datatransport.runtime.scheduling.jobscheduling.JobInfoSchedulerService"
282-->[com.google.android.datatransport:transport-runtime:3.1.9] AndroidManifest.xml:27:13-117
283            android:exported="false"
283-->[com.google.android.datatransport:transport-runtime:3.1.9] AndroidManifest.xml:28:13-37
284            android:permission="android.permission.BIND_JOB_SERVICE" >
284-->[com.google.android.datatransport:transport-runtime:3.1.9] AndroidManifest.xml:29:13-69
285        </service>
286
287        <receiver
287-->[com.google.android.datatransport:transport-runtime:3.1.9] AndroidManifest.xml:32:9-34:40
288            android:name="com.google.android.datatransport.runtime.scheduling.jobscheduling.AlarmManagerSchedulerBroadcastReceiver"
288-->[com.google.android.datatransport:transport-runtime:3.1.9] AndroidManifest.xml:33:13-132
289            android:exported="false" />
289-->[com.google.android.datatransport:transport-runtime:3.1.9] AndroidManifest.xml:34:13-37
290
291        <provider
291-->[com.google.firebase:firebase-common:20.3.3] AndroidManifest.xml:25:9-30:39
292            android:name="com.google.firebase.provider.FirebaseInitProvider"
292-->[com.google.firebase:firebase-common:20.3.3] AndroidManifest.xml:26:13-77
293            android:authorities="com.Lohia.investment.firebaseinitprovider"
293-->[com.google.firebase:firebase-common:20.3.3] AndroidManifest.xml:27:13-72
294            android:directBootAware="true"
294-->[com.google.firebase:firebase-common:20.3.3] AndroidManifest.xml:28:13-43
295            android:exported="false"
295-->[com.google.firebase:firebase-common:20.3.3] AndroidManifest.xml:29:13-37
296            android:initOrder="100" />
296-->[com.google.firebase:firebase-common:20.3.3] AndroidManifest.xml:30:13-36
297
298        <activity
298-->[com.google.android.gms:play-services-base:18.1.0] AndroidManifest.xml:20:9-22:45
299            android:name="com.google.android.gms.common.api.GoogleApiActivity"
299-->[com.google.android.gms:play-services-base:18.1.0] AndroidManifest.xml:20:19-85